2026-04-02 09:41:53 - BankingSystem - INFO - [info] - === Testing Add Balance Feature ===
2026-04-02 09:41:53 - BankingSystem - DEBUG - [debug] - Name validation passed: John Doe
2026-04-02 09:41:53 - BankingSystem - DEBUG - [debug] - Balance validation passed: $1000.00
2026-04-02 09:41:53 - BankingSystem - DEBUG - [debug] - Account creation verification: [('Account Name', True), ('Initial Balance', True)]
2026-04-02 09:41:53 - BankingSystem - INFO - [info] - Account created successfully - Name: John Doe, Initial Balance: $1000.00
2026-04-02 09:41:53 - BankingSystem - INFO - [info] - Adding interest to savings account
2026-04-02 09:41:53 - BankingSystem - DEBUG - [debug] - Amount validation passed: $50.00 for balance addition
2026-04-02 09:41:53 - BankingSystem - DEBUG - [debug] - Transaction integrity verified for deposit: {'calculation_correct': True}
2026-04-02 09:41:53 - BankingSystem - INFO - [transaction] - TRANSACTION | Account: John Doe | Action: Balance Addition | Amount: $50.00 | Balance: $1050.00 | Status: SUCCESS
2026-04-02 09:41:53 - BankingSystem - DEBUG - [debug] - Name validation passed: Jane Smith
2026-04-02 09:41:53 - BankingSystem - DEBUG - [debug] - Balance validation passed: $2000.00
2026-04-02 09:41:53 - BankingSystem - DEBUG - [debug] - Account creation verification: [('Account Name', True), ('Initial Balance', True)]
2026-04-02 09:41:53 - BankingSystem - INFO - [info] - Account created successfully - Name: Jane Smith, Initial Balance: $2000.00
2026-04-02 09:41:53 - BankingSystem - INFO - [info] - Adding promotional credit to current account
2026-04-02 09:41:53 - BankingSystem - DEBUG - [debug] - Amount validation passed: $100.00 for balance addition
2026-04-02 09:41:53 - BankingSystem - DEBUG - [debug] - Transaction integrity verified for deposit: {'calculation_correct': True}
2026-04-02 09:41:53 - BankingSystem - INFO - [transaction] - TRANSACTION | Account: Jane Smith | Action: Balance Addition | Amount: $100.00 | Balance: $2100.00 | Status: SUCCESS
2026-04-02 09:41:53 - BankingSystem - INFO - [info] - Attempting to add negative balance
2026-04-02 09:41:53 - BankingSystem - ERROR - [error] - Amount must be positive for balance addition.
2026-04-02 09:41:53 - BankingSystem - ERROR - [error] - Error during balance addition for John Doe: Amount must be positive for balance addition.
2026-04-02 09:41:53 - BankingSystem - INFO - [info] - Adding large balance adjustment
2026-04-02 09:41:53 - BankingSystem - DEBUG - [debug] - Amount validation passed: $500.00 for balance addition
2026-04-02 09:41:53 - BankingSystem - DEBUG - [debug] - Transaction integrity verified for deposit: {'calculation_correct': True}
2026-04-02 09:41:53 - BankingSystem - INFO - [transaction] - TRANSACTION | Account: John Doe | Action: Balance Addition | Amount: $500.00 | Balance: $1550.00 | Status: SUCCESS
2026-04-02 09:41:53 - BankingSystem - INFO - [info] - Saving account data to file
2026-04-02 09:41:53 - BankingSystem - DEBUG - [debug] - Account state verification for John Doe: {'has_name': True, 'has_valid_balance': True, 'has_balance_value': True, 'has_account_type': True}
2026-04-02 09:41:53 - BankingSystem - INFO - [info] - Data saved successfully to John Doe_data.txt
2026-04-02 09:41:53 - BankingSystem - DEBUG - [debug] - Account state verification for Jane Smith: {'has_name': True, 'has_valid_balance': True, 'has_balance_value': True, 'has_account_type': True}
2026-04-02 09:41:53 - BankingSystem - INFO - [info] - Data saved successfully to Jane Smith_data.txt
