2026-04-02 09:53:28 - BankingSystem - DEBUG - [debug] - List accounts requested but no accounts exist
2026-04-02 09:53:28 - BankingSystem - DEBUG - [debug] - Name validation passed: Alice Johnson
2026-04-02 09:53:28 - BankingSystem - DEBUG - [debug] - Balance validation passed: $5000.00
2026-04-02 09:53:28 - BankingSystem - DEBUG - [debug] - Account creation verification: [('Account Name', True), ('Initial Balance', True)]
2026-04-02 09:53:28 - BankingSystem - INFO - [info] - Account created successfully - Name: Alice Johnson, Initial Balance: $5000.00
2026-04-02 09:53:28 - BankingSystem - DEBUG - [debug] - Name validation passed: Charlie Brown
2026-04-02 09:53:28 - BankingSystem - DEBUG - [debug] - Balance validation passed: $2500.00
2026-04-02 09:53:28 - BankingSystem - DEBUG - [debug] - Account creation verification: [('Account Name', True), ('Initial Balance', True)]
2026-04-02 09:53:28 - BankingSystem - INFO - [info] - Account created successfully - Name: Charlie Brown, Initial Balance: $2500.00
2026-04-02 09:53:28 - BankingSystem - DEBUG - [debug] - Name validation passed: Bob Smith
2026-04-02 09:53:28 - BankingSystem - DEBUG - [debug] - Balance validation passed: $3000.00
2026-04-02 09:53:28 - BankingSystem - DEBUG - [debug] - Account creation verification: [('Account Name', True), ('Initial Balance', True)]
2026-04-02 09:53:28 - BankingSystem - INFO - [info] - Account created successfully - Name: Bob Smith, Initial Balance: $3000.00
2026-04-02 09:53:28 - BankingSystem - DEBUG - [debug] - Amount validation passed: $1000.00 for deposit
2026-04-02 09:53:28 - BankingSystem - DEBUG - [debug] - Transaction integrity verified for deposit: {'calculation_correct': True}
2026-04-02 09:53:28 - BankingSystem - INFO - [transaction] - TRANSACTION | Account: Alice Johnson | Action: Deposit | Amount: $1000.00 | Balance: $6000.00 | Status: SUCCESS
2026-04-02 09:53:28 - BankingSystem - DEBUG - [debug] - Amount validation passed: $500.00 for withdrawal
2026-04-02 09:53:28 - BankingSystem - DEBUG - [debug] - Savings withdrawal validation passed.
2026-04-02 09:53:28 - BankingSystem - DEBUG - [debug] - Minimum balance check: $2000.00 >= $500.00 = True
2026-04-02 09:53:28 - BankingSystem - DEBUG - [debug] - Transaction integrity verified for withdrawal: {'calculation_correct': True}
2026-04-02 09:53:28 - BankingSystem - INFO - [transaction] - TRANSACTION | Account: Charlie Brown | Action: Withdrawal | Amount: $500.00 | Balance: $2000.00 | Status: SUCCESS
2026-04-02 09:53:28 - BankingSystem - DEBUG - [debug] - Amount validation passed: $250.00 for balance addition
2026-04-02 09:53:28 - BankingSystem - DEBUG - [debug] - Transaction integrity verified for deposit: {'calculation_correct': True}
2026-04-02 09:53:28 - BankingSystem - INFO - [transaction] - TRANSACTION | Account: Bob Smith | Action: Balance Addition | Amount: $250.00 | Balance: $3250.00 | Status: SUCCESS
2026-04-02 09:53:28 - BankingSystem - INFO - [info] - Listed all 3 accounts via CLI
